{
  "0 debug pnpm:scope": {
    "selected": 1
  },
  "1 error pnpm": {
    "code": "ELIFECYCLE",
    "errno": "ENOENT",
    "syscall": "spawn",
    "file": "sh",
    "pkgid": "qurno-nextjs@2.0.0",
    "stage": "dev",
    "script": "next dev",
    "pkgname": "qurno-nextjs",
    "err": {
      "name": "pnpm",
      "message": "qurno-nextjs@2.0.0 dev: `next dev`\nspawn ENOENT",
      "code": "ELIFECYCLE",
      "stack": "pnpm: qurno-nextjs@2.0.0 dev: `next dev`\nspawn ENOENT\n    at ChildProcess.<anonymous> (/Users/aii/.nvm/versions/node/v17.5.0/pnpm-global/5/node_modules/.pnpm/pnpm@7.1.2/node_modules/pnpm/dist/pnpm.cjs:93455:22)\n    at ChildProcess.emit (node:events:526:28)\n    at maybeClose (node:internal/child_process:1090:16)\n    at Process.ChildProcess._handle.onexit (node:internal/child_process:302:5)"
    }
  },
  "2 warn pnpm:global": " Local package.json exists, but node_modules missing, did you mean to install?"
}